#
# A fatal error has been detected by the Java Runtime Environment:
#
#  SIGBUS (0x7) at pc=0x00007f76a1abda32, pid=14504, tid=140146796132096
#
# JRE version: Java(TM) SE Runtime Environment (8.0_91-b14) (build 1.8.0_91-b14)
# Java VM: Java HotSpot(TM) 64-Bit Server VM (25.91-b14 mixed mode linux-amd64 compressed oops)
# Problematic frame:
# C  [libzip.so+0x11a32]  newEntry+0x62
#
# Failed to write core dump. Core dumps have been disabled. To enable core dumping, try "ulimit -c unlimited" before starting Java again
#
# If you would like to submit a bug report, please visit:
#   http://bugreport.java.com/bugreport/crash.jsp
# The crash happened outside the Java Virtual Machine in native code.
# See problematic frame for where to report the bug.
#

---------------  T H R E A D  ---------------

Current thread (0x00007f769c42f800):  JavaThread "Shutdown" [_thread_in_native, id=14682, stack(0x00007f7677eff000,0x00007f7678000000)]

siginfo: si_signo: 7 (SIGBUS), si_code: 2 (BUS_ADRERR), si_addr: 0x00007f7676bbc99d

Registers:
RAX=0x00007f764c011280, RBX=0x00007f763c5c1010, RCX=0x00007f764c000020, RDX=0x00007f764c011280
RSP=0x00007f7677ffacd0, RBP=0x00007f7677ffad20, RSI=0x0000000000000003, RDI=0x00007f764c0119f0
R8 =0x0000000000000000, R9 =0x00007f764c011270, R10=0x00007f768d164b98, R11=0x00000000f0236980
R12=0x00007f7676bbc980, R13=0x00007f764c011280, R14=0x000000008b0c662e, R15=0x00007f763cee7f90
RIP=0x00007f76a1abda32, EFLAGS=0x0000000000010202, CSGSFS=0x0000000000000033, ERR=0x0000000000000004
  TRAPNO=0x000000000000000e

Top of Stack: (sp=0x00007f7677ffacd0)
0x00007f7677ffacd0:   00007f769cbb90d8 0000000000000000
0x00007f7677fface0:   00000001000007a8 00007f76a3726cfe
0x00007f7677ffacf0:   00007f764c011280 00007f763c5c1010
0x00007f7677ffad00:   00007f761c012f60 00007f763cee7f90
0x00007f7677ffad10:   000000008b0c662e 000000000000003b
0x00007f7677ffad20:   00007f7677ffad80 00007f76a1abe18f
0x00007f7677ffad30:   00007f769c42f800 01007f769c42f800
0x00007f7677ffad40:   00007f7677ffada0 00007f7677ffaddc
0x00007f7677ffad50:   00007f7677ffadda 00007f7677ffada0
0x00007f7677ffad60:   000000000000003b 00007f769c42f9f8
0x00007f7677ffad70:   00007f7677ffb1f8 0000000000000001
0x00007f7677ffad80:   00007f7677ffb1e0 00007f76a1aafec0
0x00007f7677ffad90:   00007f769c4f98b0 00007f763cee7f90
0x00007f7677ffada0:   73616c672f67726f 656a2f6873696673
0x00007f7677ffadb0:   6970732f79657372 636172747362412f
0x00007f7677ffadc0:   5064616572685474 69766f72506c6f6f
0x00007f7677ffadd0:   6c632e3324726564 00007f0000737361
0x00007f7677ffade0:   00007f769c42f9f8 00007f76a353d450
0x00007f7677ffadf0:   00007f76580093c0 00007f76580093d0
0x00007f7677ffae00:   00007f76580097a8 00000000000003d8
0x00007f7677ffae10:   00007f769c42f800 00000000f0233da8
0x00007f7677ffae20:   00000000c0383d08 00007f769c42f800
0x00007f7677ffae30:   00007f7677ffae80 00007f7677ffaea0
0x00007f7677ffae40:   00007f7677ffaf50 0000000000000001
0x00007f7677ffae50:   00007f7677ffafb0 00007f769c010100
0x00007f7677ffae60:   01007f7677ffaef0 00007f7677ffae18
0x00007f7677ffae70:   00007f7677ffae59 0000000800000002
0x00007f7677ffae80:   00007f7677ffae00 00007f76a48aa0a0
0x00007f7677ffae90:   00007f76a3da0490 00007f76a48ac4a0
0x00007f7677ffaea0:   00000000a0639de0 00007f769c42f800
0x00007f7677ffaeb0:   0000000000000000 00007f76580093c0
0x00007f7677ffaec0:   00007f76a05953d8 00007f769c42f800 

Instructions: (pc=0x00007f76a1abda32)
0x00007f76a1abda12:   00 48 c7 40 28 00 00 00 00 41 80 7f 30 00 0f 84
0x00007f76a1abda22:   8a 02 00 00 4c 8b 63 08 4d 2b 67 28 4d 03 67 18
0x00007f76a1abda32:   41 0f b6 5c 24 1d 41 0f b6 44 24 1c c1 e3 08 09
0x00007f76a1abda42:   c3 41 0f b6 44 24 1e 88 45 bd 41 0f b6 54 24 20 

Register to memory mapping:

RAX=0x00007f764c011280 is an unknown value
RBX=0x00007f763c5c1010 is an unknown value
RCX=0x00007f764c000020 is an unknown value
RDX=0x00007f764c011280 is an unknown value
RSP=0x00007f7677ffacd0 is pointing into the stack for thread: 0x00007f769c42f800
RBP=0x00007f7677ffad20 is pointing into the stack for thread: 0x00007f769c42f800
RSI=0x0000000000000003 is an unknown value
RDI=0x00007f764c0119f0 is an unknown value
R8 =0x0000000000000000 is an unknown value
R9 =0x00007f764c011270 is an unknown value
R10=0x00007f768d164b98 is at entry_point+88 in (nmethod*)0x00007f768d1649d0
R11=0x00000000f0236980 is an oop
