#
# A fatal error has been detected by the Java Runtime Environment:
#
#  SIGBUS (0x7) at pc=0x00007f130f5baa32, pid=3971, tid=139719269537536
#
# JRE version: Java(TM) SE Runtime Environment (8.0_91-b14) (build 1.8.0_91-b14)
# Java VM: Java HotSpot(TM) 64-Bit Server VM (25.91-b14 mixed mode linux-amd64 compressed oops)
# Problematic frame:
# C  [libzip.so+0x11a32]  newEntry+0x62
#
# Failed to write core dump. Core dumps have been disabled. To enable core dumping, try "ulimit -c unlimited" before starting Java again
#
# If you would like to submit a bug report, please visit:
#   http://bugreport.java.com/bugreport/crash.jsp
# The crash happened outside the Java Virtual Machine in native code.
# See problematic frame for where to report the bug.
#

---------------  T H R E A D  ---------------

Current thread (0x00007f12bc00d000):  JavaThread "Daemon worker" [_thread_in_native, id=4028, stack(0x00007f12ed5dd000,0x00007f12ed6de000)]

siginfo: si_signo: 7 (SIGBUS), si_code: 2 (BUS_ADRERR), si_addr: 0x00007f12ec01ff3a

Registers:
RAX=0x00007f12a843c540, RBX=0x00007f12a88041f0, RCX=0x00007f12a8000020, RDX=0x00007f12a843c540
RSP=0x00007f12ed6d6a60, RBP=0x00007f12ed6d6ab0, RSI=0x0000000000000003, RDI=0x0000000000000000
R8 =0x000000000000000d, R9 =0x00007f12a843c530, R10=0x00007f13007099d8, R11=0x00000000ec0f44e8
R12=0x00007f12ec01ff1d, R13=0x00007f12a843c540, R14=0x000000005a58eac2, R15=0x00007f12a87c6bc0
RIP=0x00007f130f5baa32, EFLAGS=0x0000000000010206, CSGSFS=0x0000000000000033, ERR=0x0000000000000004
  TRAPNO=0x000000000000000e

Top of Stack: (sp=0x00007f12ed6d6a60)
0x00007f12ed6d6a60:   00000000c02c2438 00007f1300000000
0x00007f12ed6d6a70:   00000001000007a8 00007f1315414cfe
0x00007f12ed6d6a80:   00007f12a843c540 00007f12a88041f0
0x00007f12ed6d6a90:   00007f12a84b6f00 00007f12a87c6bc0
0x00007f12ed6d6aa0:   000000005a58eac2 000000000000001d
0x00007f12ed6d6ab0:   00007f12ed6d6b10 00007f130f5bb18f
0x00007f12ed6d6ac0:   00007f12bc00d000 0100000000000000
0x00007f12ed6d6ad0:   00007f12ed6d6b30 00007f12ed6d6b4e
0x00007f12ed6d6ae0:   00007f12ed6d6b4c 00007f12ed6d6b30
0x00007f12ed6d6af0:   000000000000001d 00007f12bc00d1f8
0x00007f12ed6d6b00:   00007f12ed6d6f88 0000000000000001
0x00007f12ed6d6b10:   00007f12ed6d6f70 00007f130f5acec0
0x00007f12ed6d6b20:   00007f12ed6d6b70 00007f12a87c6bc0
0x00007f12ed6d6b30:   73772f786176616a 7274614d2f73722f
0x00007f12ed6d6b40:   2e6d617261507869 0000007373616c63
0x00007f12ed6d6b50:   00007f12bc00d000 00007f1310088700
0x00007f12ed6d6b60:   00007f12a87c87e8 00007f12a87c87e8
0x00007f12ed6d6b70:   00007f12ed6d6d30 00007f131521213c
0x00007f12ed6d6b80:   00007f12bc00d000 00000000ec0f37d8
0x00007f12ed6d6b90:   00000000ec0f3910 00007f12a87c87e0
0x00007f12ed6d6ba0:   00007f1315a8f0f0 00007f131659a4a0
0x00007f12ed6d6bb0:   00000000ffffffff 000000000000000d
0x00007f12ed6d6bc0:   00007f12ed6d6a50 0000003000000020
0x00007f12ed6d6bd0:   00007f12ed6d6d40 00007f12ed6d6c50
0x00007f12ed6d6be0:   00007f12bc00d000 0000000000000000
0x00007f12ed6d6bf0:   0000000000000000 00007f13010890cc
0x00007f12ed6d6c00:   0000003000000018 00007f12ed6d6d40
0x00007f12ed6d6c10:   00007f12ed6d6c50 00007f13c0196d08
0x00007f12ed6d6c20:   00007f130000000d 00007f12a87c87e8
0x00007f12ed6d6c30:   00007f12bc00d000 0000000000000000
0x00007f12ed6d6c40:   00007f1200000009 00007f12ed6d6cc0
0x00007f12ed6d6c50:   0000000000000079 00007f1314e1baeb 

Instructions: (pc=0x00007f130f5baa32)
0x00007f130f5baa12:   00 48 c7 40 28 00 00 00 00 41 80 7f 30 00 0f 84
0x00007f130f5baa22:   8a 02 00 00 4c 8b 63 08 4d 2b 67 28 4d 03 67 18
0x00007f130f5baa32:   41 0f b6 5c 24 1d 41 0f b6 44 24 1c c1 e3 08 09
0x00007f130f5baa42:   c3 41 0f b6 44 24 1e 88 45 bd 41 0f b6 54 24 20 

Register to memory mapping:

RAX=0x00007f12a843c540 is an unknown value
RBX=0x00007f12a88041f0 is an unknown value
RCX=0x00007f12a8000020 is an unknown value
RDX=0x00007f12a843c540 is an unknown value
RSP=0x00007f12ed6d6a60 is pointing into the stack for thread: 0x00007f12bc00d000
RBP=0x00007f12ed6d6ab0 is pointing into the stack for thread: 0x00007f12bc00d000
RSI=0x0000000000000003 is an unknown value
RDI=0x0000000000000000 is an unknown value
R8 =0x000000000000000d is an unknown value
R9 =0x00007f12a843c530 is an unknown value
R10=0x00007f13007099d8 is at entry_point+88 in (nmethod*)0x00007f1300709810
R11=0x00000000ec0f44e8 is an oop
