#
# A fatal error has been detected by the Java Runtime Environment:
#
#  SIGBUS (0x7) at pc=0x00007ff90b5baa32, pid=21301, tid=140707181078272
#
# JRE version: Java(TM) SE Runtime Environment (8.0_91-b14) (build 1.8.0_91-b14)
# Java VM: Java HotSpot(TM) 64-Bit Server VM (25.91-b14 mixed mode linux-amd64 compressed oops)
# Problematic frame:
# C  [libzip.so+0x11a32]  newEntry+0x62
#
# Failed to write core dump. Core dumps have been disabled. To enable core dumping, try "ulimit -c unlimited" before starting Java again
#
# If you would like to submit a bug report, please visit:
#   http://bugreport.java.com/bugreport/crash.jsp
# The crash happened outside the Java Virtual Machine in native code.
# See problematic frame for where to report the bug.
#

---------------  T H R E A D  ---------------

Current thread (0x00007ff90cba6000):  JavaThread "Shutdown" [_thread_in_native, id=21509, stack(0x00007ff8f17ba000,0x00007ff8f18bb000)]

siginfo: si_signo: 7 (SIGBUS), si_code: 2 (BUS_ADRERR), si_addr: 0x00007ff8f0071337

Registers:
RAX=0x00007ff8b0012180, RBX=0x00007ff8a86873d0, RCX=0x00007ff8b0000020, RDX=0x00007ff8b0012180
RSP=0x00007ff8f18b6570, RBP=0x00007ff8f18b65c0, RSI=0x0000000000001408, RDI=0x0000000000000002
R8 =0x0000000000000000, R9 =0x00007ff8b0012170, R10=0x00007ff8fc712d98, R11=0x00000000f5dd9c08
R12=0x00007ff8f007131a, R13=0x00007ff8b0012180, R14=0x0000000006a13b2e, R15=0x00007ff8a8686f60
RIP=0x00007ff90b5baa32, EFLAGS=0x0000000000010202, CSGSFS=0x0000000000000033, ERR=0x0000000000000004
  TRAPNO=0x000000000000000e

Top of Stack: (sp=0x00007ff8f18b6570)
0x00007ff8f18b6570:   00007ff8f18b65c0 00007ff800000000
0x00007ff8f18b6580:   00000001000007a8 00007ff9113efcfe
0x00007ff8f18b6590:   00007ff8b0012180 00007ff8a86873d0
0x00007ff8f18b65a0:   00007ff8b000c190 00007ff8a8686f60
0x00007ff8f18b65b0:   0000000006a13b2e 0000000000000038
0x00007ff8f18b65c0:   00007ff8f18b6620 00007ff90b5bb18f
0x00007ff8f18b65d0:   00007ff90cba6000 01000000ffff0101
0x00007ff8f18b65e0:   00007ff8f18b6640 00007ff8f18b6679
0x00007ff8f18b65f0:   00007ff8f18b6677 00007ff8f18b6640
0x00007ff8f18b6600:   0000000000000038 00007ff90cba61f8
0x00007ff8f18b6610:   00007ff8f18b6a98 0000000000000001
0x00007ff8f18b6620:   00007ff8f18b6a80 00007ff90b5acec0
0x00007ff8f18b6630:   00007ff8f18b6600 00007ff8a8686f60
0x00007ff8f18b6640:   73616c672f67726f 656a2f6873696673
0x00007ff8f18b6650:   746e692f79657372 654a2f6c616e7265
0x00007ff8f18b6660:   6f72724579657372 6563697672655372
0x00007ff8f18b6670:   7373616c632e3224 00007ff90cba0000
0x00007ff8f18b6680:   00007ff8f91e83d8 00007ff90cba6000
0x00007ff8f18b6690:   00007ff8f18b66c0 00007ff8f91e83d8
0x00007ff8f18b66a0:   00007ff8f91e83d8 00007ff8f91e83d8
0x00007ff8f18b66b0:   0000000000000001 0000000000000000
0x00007ff8f18b66c0:   00007ff90cba6000 00007ff90c088700
0x00007ff8f18b66d0:   00007ff8b0001eb8 00007ff8b0001eb8
0x00007ff8f18b66e0:   00007ff8f18b68a0 00007ff9111ed13c
0x00007ff8f18b66f0:   00007ff90cba6000 00007ff8a97a0c68
0x00007ff8f18b6700:   00007ff8a97a0e94 00007ff8b0001eb0
0x00007ff8f18b6710:   00007ff911a6a0f0 00007ff9125754a0
0x00007ff8f18b6720:   00000000f18b7a50 00007ff80000000d
0x00007ff8f18b6730:   00007ff8f18b65c0 0000003000000020
0x00007ff8f18b6740:   00007ff8f18b68b0 00007ff8f18b67c0
0x00007ff8f18b6750:   00007ff90cba6000 0000000000000000
0x00007ff8f18b6760:   00007ff8f18b7f20 00007ff8f18b7040 

Instructions: (pc=0x00007ff90b5baa32)
0x00007ff90b5baa12:   00 48 c7 40 28 00 00 00 00 41 80 7f 30 00 0f 84
0x00007ff90b5baa22:   8a 02 00 00 4c 8b 63 08 4d 2b 67 28 4d 03 67 18
0x00007ff90b5baa32:   41 0f b6 5c 24 1d 41 0f b6 44 24 1c c1 e3 08 09
0x00007ff90b5baa42:   c3 41 0f b6 44 24 1e 88 45 bd 41 0f b6 54 24 20 

Register to memory mapping:

RAX=0x00007ff8b0012180 is an unknown value
RBX=0x00007ff8a86873d0 is an unknown value
RCX=0x00007ff8b0000020 is an unknown value
RDX=0x00007ff8b0012180 is an unknown value
RSP=0x00007ff8f18b6570 is pointing into the stack for thread: 0x00007ff90cba6000
RBP=0x00007ff8f18b65c0 is pointing into the stack for thread: 0x00007ff90cba6000
RSI=0x0000000000001408 is an unknown value
RDI=0x0000000000000002 is an unknown value
R8 =0x0000000000000000 is an unknown value
R9 =0x00007ff8b0012170 is an unknown value
R10=0x00007ff8fc712d98 is at entry_point+88 in (nmethod*)0x00007ff8fc712bd0
R11=0x00000000f5dd9c08 is an oop
