#
# A fatal error has been detected by the Java Runtime Environment:
#
#  SIGBUS (0x7) at pc=0x00007f4194539a32, pid=24587, tid=139918664185600
#
# JRE version: Java(TM) SE Runtime Environment (8.0_91-b14) (build 1.8.0_91-b14)
# Java VM: Java HotSpot(TM) 64-Bit Server VM (25.91-b14 mixed mode linux-amd64 compressed oops)
# Problematic frame:
# C  [libzip.so+0x11a32]  newEntry+0x62
#
# Failed to write core dump. Core dumps have been disabled. To enable core dumping, try "ulimit -c unlimited" before starting Java again
#
# If you would like to submit a bug report, please visit:
#   http://bugreport.java.com/bugreport/crash.jsp
# The crash happened outside the Java Virtual Machine in native code.
# See problematic frame for where to report the bug.
#

---------------  T H R E A D  ---------------

Current thread (0x00007f413c00d000):  JavaThread "Daemon worker" [_thread_in_native, id=24635, stack(0x00007f415a36b000,0x00007f415a46c000)]

siginfo: si_signo: 7 (SIGBUS), si_code: 2 (BUS_ADRERR), si_addr: 0x00007f415875bbf0

Registers:
RAX=0x00007f4128b9dbe0, RBX=0x00007f4128cc7e00, RCX=0x00007f4128000020, RDX=0x00007f4128b9dbe0
RSP=0x00007f415a463ce0, RBP=0x00007f415a463d30, RSI=0x0000000000000003, RDI=0x0000000000000000
R8 =0x0000000000000000, R9 =0x00007f4128b9dbd0, R10=0x00007f4181162ed8, R11=0x00000000ecb34b60
R12=0x00007f415875bbd3, R13=0x00007f4128b9dbe0, R14=0x00000000df6d9755, R15=0x00007f41286c4f00
RIP=0x00007f4194539a32, EFLAGS=0x0000000000010202, CSGSFS=0x0000000000000033, ERR=0x0000000000000004
  TRAPNO=0x000000000000000e

Top of Stack: (sp=0x00007f415a463ce0)
0x00007f415a463ce0:   00007f415a463d30 00007f4100000000
0x00007f415a463cf0:   00000001000007a8 00007f41961a2cfe
0x00007f415a463d00:   00007f4128b9dbe0 00007f4128cc7e00
0x00007f415a463d10:   00007f41286c5970 00007f41286c4f00
0x00007f415a463d20:   00000000df6d9755 000000000000002f
0x00007f415a463d30:   00007f415a463d90 00007f419453a18f
0x00007f415a463d40:   00007f413c00d000 01007f415a463e08
0x00007f415a463d50:   00007f415a463db0 00007f415a463de0
0x00007f415a463d60:   00007f415a463dde 00007f415a463db0
0x00007f415a463d70:   000000000000002f 00007f413c00d1f8
0x00007f415a463d80:   00007f415a464208 0000000000000001
0x00007f415a463d90:   00007f415a4641f0 00007f419452bec0
0x00007f415a463da0:   00007f413c00d100 00007f41286c4f00
0x00007f415a463db0:   73616c672f67726f 656a2f6873696673
0x00007f415a463dc0:   7265732f79657372 2f6970732f726576
0x00007f415a463dd0:   656e6961746e6f43 007373616c632e72
0x00007f415a463de0:   00007f4179804300 00007f413c00d000
0x00007f415a463df0:   00007f41798043d8 00007f413c00d000
0x00007f415a463e00:   000000007265746c 00007f41798043d8
0x00007f415a463e10:   00007f41798043d8 00007f41798043d8
0x00007f415a463e20:   00000000ecb31870 0000000000000000
0x00007f415a463e30:   00007f413c00d000 00007f4190088700
0x00007f415a463e40:   00007f4128a8d928 00007f4128a8d928
0x00007f415a463e50:   00007f415a464010 00007f4195fa013c
0x00007f415a463e60:   00007f413c00d000 00007f419452b3d4
0x00007f415a463e70:   0000000000000087 00007f4128a8d920
0x00007f415a463e80:   00007f419681d0f0 00007f41973284a0
0x00007f415a463e90:   000000000000006a 00007f410000000d
0x00007f415a463ea0:   00007f415a463d30 0000003000000020
0x00007f415a463eb0:   00007f415a464020 00007f415a463f30
0x00007f415a463ec0:   00007f413c00d000 0000000000000000
0x00007f415a463ed0:   0000000000000000 00000000ecb32838 

Instructions: (pc=0x00007f4194539a32)
0x00007f4194539a12:   00 48 c7 40 28 00 00 00 00 41 80 7f 30 00 0f 84
0x00007f4194539a22:   8a 02 00 00 4c 8b 63 08 4d 2b 67 28 4d 03 67 18
0x00007f4194539a32:   41 0f b6 5c 24 1d 41 0f b6 44 24 1c c1 e3 08 09
0x00007f4194539a42:   c3 41 0f b6 44 24 1e 88 45 bd 41 0f b6 54 24 20 

Register to memory mapping:

RAX=0x00007f4128b9dbe0 is an unknown value
RBX=0x00007f4128cc7e00 is an unknown value
RCX=0x00007f4128000020 is an unknown value
RDX=0x00007f4128b9dbe0 is an unknown value
RSP=0x00007f415a463ce0 is pointing into the stack for thread: 0x00007f413c00d000
RBP=0x00007f415a463d30 is pointing into the stack for thread: 0x00007f413c00d000
RSI=0x0000000000000003 is an unknown value
RDI=0x0000000000000000 is an unknown value
R8 =0x0000000000000000 is an unknown value
R9 =0x00007f4128b9dbd0 is an unknown value
R10=0x00007f4181162ed8 is at entry_point+88 in (nmethod*)0x00007f4181162d10
R11=0x00000000ecb34b60 is an oop
